<?xml version="1.0" encoding="UTF-8"?>
<!-- Generated by org.testng.reporters.JUnitReportReporter -->
<testsuite hostname="DESKTOP-OIG6LDU" failures="0" tests="1" name="testNG.Testlogin" time="26.901" errors="0" timestamp="2022-11-06T11:50:11 EST" skipped="0">
  <testcase classname="testNG.Testlogin" name="f" time="26.901"/>
  <system-out/>
</testsuite> <!-- testNG.Testlogin -->
