<?xml version="1.0" encoding="UTF-8"?>
<!-- Generated by org.testng.reporters.JUnitReportReporter -->
<testsuite hostname="DESKTOP-OIG6LDU" failures="0" tests="1" name="actions.lowertouppercase" time="7.959" errors="0" timestamp="2022-11-29T12:56:58 EST" skipped="0">
  <testcase classname="actions.lowertouppercase" name="f" time="7.959"/>
  <system-out/>
</testsuite> <!-- actions.lowertouppercase -->
