<?xml version="1.0" encoding="UTF-8"?>
<!-- Generated by org.testng.reporters.JUnitReportReporter -->
<testsuite hostname="DESKTOP-OIG6LDU" failures="0" tests="1" name="actions.DragandDrop" time="18.689" errors="0" timestamp="2022-11-29T11:53:38 EST" skipped="0">
  <testcase classname="actions.DragandDrop" name="f" time="18.689"/>
  <system-out/>
</testsuite> <!-- actions.DragandDrop -->
