<?xml version="1.0" encoding="UTF-8"?>
<!-- Generated by org.testng.reporters.JUnitReportReporter -->
<testsuite hostname="DESKTOP-OIG6LDU" failures="0" tests="1" name="actions.mousemove" time="16.212" errors="0" timestamp="2022-11-29T12:45:25 EST" skipped="0">
  <testcase classname="actions.mousemove" name="f" time="16.212"/>
  <system-out/>
</testsuite> <!-- actions.mousemove -->
