<?xml version="1.0" encoding="UTF-8"?>
<!-- Generated by org.testng.reporters.JUnitReportReporter -->
<testsuite hostname="DESKTOP-OIG6LDU" failures="0" tests="1" name="testNG.crossbrowsertesting1" time="0.827" errors="0" timestamp="2022-11-22T10:04:27 EST" skipped="0">
  <testcase classname="testNG.crossbrowsertesting1" name="loginFB" time="0.827"/>
  <system-out/>
</testsuite> <!-- testNG.crossbrowsertesting1 -->
