<?xml version="1.0" encoding="UTF-8"?>
<!-- Generated by org.testng.reporters.JUnitReportReporter -->
<testsuite hostname="DESKTOP-OIG6LDU" failures="0" tests="1" name="testNG.NewTest" time="8.755" errors="0" timestamp="2022-12-02T19:51:08 EST" skipped="0">
  <testcase classname="testNG.NewTest" name="f" time="8.755"/>
  <system-out/>
</testsuite> <!-- testNG.NewTest -->
