<?xml version="1.0" encoding="UTF-8"?>
<!-- Generated by org.testng.reporters.JUnitReportReporter -->
<testsuite hostname="DESKTOP-OIG6LDU" failures="0" tests="1" name="testNG.facebooklogin" time="3.944" errors="0" timestamp="2022-12-02T19:51:08 EST" skipped="0">
  <testcase classname="testNG.facebooklogin" name="f" time="3.944"/>
  <system-out/>
</testsuite> <!-- testNG.facebooklogin -->
