<?xml version="1.0" encoding="UTF-8"?>
<!-- Generated by org.testng.reporters.JUnitReportReporter -->
<testsuite hostname="DESKTOP-OIG6LDU" failures="0" tests="2" name="testNG.crossbrowsertesting" time="11.924" errors="0" timestamp="2022-11-22T10:17:55 EST" skipped="0">
  <testcase classname="testNG.crossbrowsertesting" name="f" time="5.974"/>
  <system-out/>
  <testcase classname="testNG.crossbrowsertesting" name="f" time="5.950"/>
  <system-out/>
</testsuite> <!-- testNG.crossbrowsertesting -->
