<?xml version="1.0" encoding="UTF-8"?>
<!-- Generated by org.testng.reporters.JUnitReportReporter -->
<testsuite hostname="DESKTOP-OIG6LDU" failures="0" tests="1" name="testNG.testJRIlogin" time="40.923" errors="0" timestamp="2022-11-22T10:04:27 EST" skipped="0">
  <testcase classname="testNG.testJRIlogin" name="f" time="40.923"/>
  <system-out/>
</testsuite> <!-- testNG.testJRIlogin -->
